<?xml version="1.0" encoding="UTF-8"?>
<!-- Generated by org.testng.reporters.JUnitReportReporter -->
<testsuite skipped="0" hostname="Sizan" name="Selenium.AutomationScript" tests="9" failures="0" timestamp="2024-09-13T16:10:13 BDT" time="63.800" errors="0">
  <testcase name="invokeWebsite" time="29.761" classname="Selenium.AutomationScript"/>
  <system-out/>
  <testcase name="navigateToRegistrationPage" time="4.998" classname="Selenium.AutomationScript"/>
  <system-out/>
  <testcase name="userRegistration" time="2.187" classname="Selenium.AutomationScript"/>
  <system-out/>
  <testcase name="userLogin" time="2.527" classname="Selenium.AutomationScript"/>
  <system-out/>
  <testcase name="addProductsToCart" time="16.900" classname="Selenium.AutomationScript"/>
  <system-out/>
  <testcase name="navigateToCartPage" time="1.209" classname="Selenium.AutomationScript"/>
  <system-out/>
  <testcase name="removeItemFromCart" time="0.538" classname="Selenium.AutomationScript"/>
  <system-out/>
  <testcase name="checkoutProducts" time="4.982" classname="Selenium.AutomationScript"/>
  <system-out/>
  <testcase name="exitBrowser" time="0.698" classname="Selenium.AutomationScript"/>
  <system-out/>
</testsuite> <!-- Selenium.AutomationScript -->
